Added Component: Designator=R10(Res through hole)
Add component (AddParameter): Name = "LatestRevisionDate"; Value = "17-Jul-2002"; VariantName = "[No Variations]"
Add component (AddParameter): Name = "LatestRevisionNote"; Value = "Re-released for DXP Platform."; VariantName = "[No Variations]"
Add component (AddParameter): Name = "PackageDescription"; Value = "Axial Device, Thru-Hole; 2 Leads; 0.3 in Pin Spacing"; VariantName = "[No Variations]"
Add component (AddParameter): Name = "PackageReference"; Value = "AXIAL-0.3"; VariantName = "[No Variations]"
Add component (AddParameter): Name = "Published"; Value = "8-Jun-2000"; VariantName = "[No Variations]"
Add component (AddParameter): Name = "Publisher"; Value = "Altium Limited"; VariantName = "[No Variations]"
Added Component: Designator=SW1(FP-1825910-2-0)
Add component (AddParameter): Name = "Automotive"; Value = "No"; VariantName = "[No Variations]"
Add component (AddParameter): Name = "Category"; Value = "Switch"; VariantName = "[No Variations]"
Add component (AddParameter): Name = "ComponentLink2Description"; Value = "Datasheet"; VariantName = "[No Variations]"
Add component (AddParameter): Name = "ComponentLink2URL"; Value = "https://www.te.com/commerce/DocumentDelivery/DDEController?Action=showdoc&DocId=Customer+Drawing%7F1825910%7FC10%7Fpdf%7FEnglish%7FENG_CD_1825910_C10.pdf%7F1825910-2"; VariantName = "[No Variations]"
Add component (AddParameter): Name = "Contact Current Rating"; Value = "50mA"; VariantName = "[No Variations]"
Add component (AddParameter): Name = "Contact Resistance"; Value = "100mO"; VariantName = "[No Variations]"
Add component (AddParameter): Name = "Device Class L1"; Value = "Electromechanical"; VariantName = "[No Variations]"
Add component (AddParameter): Name = "Device Class L2"; Value = "Switches"; VariantName = "[No Variations]"
Add component (AddParameter): Name = "Device Class L3"; Value = "Tactile Switches"; VariantName = "[No Variations]"
Add component (AddParameter): Name = "Digikey Description"; Value = "SWITCH TACTILE SPST-NO 0.05A 24V"; VariantName = "[No Variations]"
Add component (AddParameter): Name = "Electromechanical Life"; Value = "100000Cycles"; VariantName = "[No Variations]"
Add component (AddParameter): Name = "Height"; Value = "4.6mm"; VariantName = "[No Variations]"
Add component (AddParameter): Name = "Lead Free"; Value = "Yes"; VariantName = "[No Variations]"
Add component (AddParameter): Name = "Manufacturer"; Value = "TE"; VariantName = "[No Variations]"
Add component (AddParameter): Name = "Manufacturer Part Number"; Value = "1825910-2"; VariantName = "[No Variations]"
Add component (AddParameter): Name = "Mount"; Value = "Through Hole"; VariantName = "[No Variations]"
Add component (AddParameter): Name = "Octopart"; Value = "https://octopart.com/1825910-2-te+connectivity-42270502"; VariantName = "[No Variations]"
Add component (AddParameter): Name = "Operating Force"; Value = "160gf"; VariantName = "[No Variations]"
Add component (AddParameter): Name = "Package"; Value = "0"; VariantName = "[No Variations]"
Add component (AddParameter): Name = "RoHS"; Value = "TRUE"; VariantName = "[No Variations]"
Add component (AddParameter): Name = "Temperature"; Value = "-35°C to +85°C"; VariantName = "[No Variations]"
Add component (AddParameter): Name = "Temperature Range High"; Value = "+85°C"; VariantName = "[No Variations]"
Add component (AddParameter): Name = "Temperature Range Low"; Value = "-35°C"; VariantName = "[No Variations]"
Add component (AddParameter): Name = "Throw Configuration"; Value = "SPST-NO"; VariantName = "[No Variations]"
Add component (AddParameter): Name = "Voltage Rating Dc"; Value = "24V"; VariantName = "[No Variations]"
Added Pin To Net: NetName=+5 Pin=C3-1
Added Pin To Net: NetName=+5 Pin=R2-2
Added Pin To Net: NetName=+5 Pin=R9-3
Added Pin To Net: NetName=+5 Pin=R10-2
Added Pin To Net: NetName=+5 Pin=U2-2
Added Pin To Net: NetName=+5 Pin=U3-1
Added Net: Name=+5
Added Pin To Net: NetName=+9 Pin=BT1-1
Added Pin To Net: NetName=+9 Pin=C2-1
Added Pin To Net: NetName=+9 Pin=C4-1
Added Pin To Net: NetName=+9 Pin=C5-2
Added Pin To Net: NetName=+9 Pin=R5-2
Added Pin To Net: NetName=+9 Pin=R6-2
Added Pin To Net: NetName=+9 Pin=R7-2
Added Pin To Net: NetName=+9 Pin=U1-7
Added Pin To Net: NetName=+9 Pin=U2-3
Added Net: Name=+9
Added Pin To Net: NetName=GND Pin=BT1-2
Added Pin To Net: NetName=GND Pin=C2-2
Added Pin To Net: NetName=GND Pin=C3-2
Added Pin To Net: NetName=GND Pin=C4-2
Added Pin To Net: NetName=GND Pin=C5-1
Added Pin To Net: NetName=GND Pin=MK1-2
Added Pin To Net: NetName=GND Pin=Q1-1
Added Pin To Net: NetName=GND Pin=R4-1
Added Pin To Net: NetName=GND Pin=R9-1
Added Pin To Net: NetName=GND Pin=SW1-3
Added Pin To Net: NetName=GND Pin=U1-4
Added Pin To Net: NetName=GND Pin=U2-1
Added Pin To Net: NetName=GND Pin=U3-2
Added Net: Name=GND
Added Pin To Net: NetName=NetC1_1 Pin=C1-1
Added Pin To Net: NetName=NetC1_1 Pin=MK1-1
Added Pin To Net: NetName=NetC1_1 Pin=R2-1
Added Pin To Net: NetName=NetC1_1 Pin=R4-2
Added Net: Name=NetC1_1
Added Pin To Net: NetName=NetC1_2 Pin=C1-2
Added Pin To Net: NetName=NetC1_2 Pin=R3-1
Added Net: Name=NetC1_2
Added Pin To Net: NetName=NetLED1_1 Pin=LED1-1
Added Pin To Net: NetName=NetLED1_1 Pin=R5-1
Added Net: Name=NetLED1_1
Added Pin To Net: NetName=NetLED1_2 Pin=LED1-2
Added Pin To Net: NetName=NetLED1_2 Pin=LED2-2
Added Pin To Net: NetName=NetLED1_2 Pin=LED3-2
Added Pin To Net: NetName=NetLED1_2 Pin=Q1-3
Added Net: Name=NetLED1_2
Added Pin To Net: NetName=NetLED2_1 Pin=LED2-1
Added Pin To Net: NetName=NetLED2_1 Pin=R6-1
Added Net: Name=NetLED2_1
Added Pin To Net: NetName=NetLED3_1 Pin=LED3-1
Added Pin To Net: NetName=NetLED3_1 Pin=R7-1
Added Net: Name=NetLED3_1
Added Pin To Net: NetName=NetQ1_2 Pin=Q1-2
Added Pin To Net: NetName=NetQ1_2 Pin=R8-2
Added Net: Name=NetQ1_2
Added Pin To Net: NetName=NetR1_2 Pin=R1-2
Added Pin To Net: NetName=NetR1_2 Pin=R3-2
Added Pin To Net: NetName=NetR1_2 Pin=U1-2
Added Net: Name=NetR1_2
Added Pin To Net: NetName=NetR9_2 Pin=R9-2
Added Pin To Net: NetName=NetR9_2 Pin=U1-3
Added Net: Name=NetR9_2
Added Pin To Net: NetName=P1 Pin=R8-1
Added Pin To Net: NetName=P1 Pin=U3-5
Added Net: Name=P1
Added Pin To Net: NetName=P2 Pin=R1-1
Added Pin To Net: NetName=P2 Pin=U1-6
Added Pin To Net: NetName=P2 Pin=U3-6
Added Net: Name=P2
Added Pin To Net: NetName=P3 Pin=R10-1
Added Pin To Net: NetName=P3 Pin=SW1-1
Added Pin To Net: NetName=P3 Pin=U3-7
Added Net: Name=P3
Added Member To Class: ClassName=clap_schematic Member=Component BT1 9V Battery
Added Member To Class: ClassName=clap_schematic Member=Component C1 120nf
Added Member To Class: ClassName=clap_schematic Member=Component C2 10uF
Added Member To Class: ClassName=clap_schematic Member=Component C3 50uF
Added Member To Class: ClassName=clap_schematic Member=Component C4 50uF
Added Member To Class: ClassName=clap_schematic Member=Component C5 120nf
Added Member To Class: ClassName=clap_schematic Member=Component LED1 LED Orange
Added Member To Class: ClassName=clap_schematic Member=Component LED2 LED Red
Added Member To Class: ClassName=clap_schematic Member=Component LED3 LED Green
Added Member To Class: ClassName=clap_schematic Member=Component MK1 MIC
Added Member To Class: ClassName=clap_schematic Member=Component Q1 2N3904
Added Member To Class: ClassName=clap_schematic Member=Component R1 56k
Added Member To Class: ClassName=clap_schematic Member=Component R2 10k
Added Member To Class: ClassName=clap_schematic Member=Component R3 1k
Added Member To Class: ClassName=clap_schematic Member=Component R4 56k
Added Member To Class: ClassName=clap_schematic Member=Component R5 100R
Added Member To Class: ClassName=clap_schematic Member=Component R6 100R
Added Member To Class: ClassName=clap_schematic Member=Component R7 100R
Added Member To Class: ClassName=clap_schematic Member=Component R8 1k
Added Member To Class: ClassName=clap_schematic Member=Component R9 20k POT
Added Member To Class: ClassName=clap_schematic Member=Component R10 10k
Added Member To Class: ClassName=clap_schematic Member=Component SW1 1825910-2
Added Member To Class: ClassName=clap_schematic Member=Component U1 LM301AN
Added Member To Class: ClassName=clap_schematic Member=Component U2 LT1085
Added Member To Class: ClassName=clap_schematic Member=Component U3 ATtiny 85
