Replace Part BT1 9V Battery in C:\Users\n10264248\REPOS\Altium_clap_example\clap_schematic.SchDoc with 9V Battery from clap.SchLib
Replace Part C1 120nF in C:\Users\n10264248\REPOS\Altium_clap_example\clap_schematic.SchDoc with 120nF from clap.SchLib
Replace Part C2 10uF in C:\Users\n10264248\REPOS\Altium_clap_example\clap_schematic.SchDoc with 10uF from clap.SchLib
Replace Part C3 50uF in C:\Users\n10264248\REPOS\Altium_clap_example\clap_schematic.SchDoc with 50uF from clap.SchLib
Replace Part C4 50uF in C:\Users\n10264248\REPOS\Altium_clap_example\clap_schematic.SchDoc with 50uF from clap.SchLib
Replace Part C5 120nF in C:\Users\n10264248\REPOS\Altium_clap_example\clap_schematic.SchDoc with 120nF from clap.SchLib
Replace Part LED1 LED Orange in C:\Users\n10264248\REPOS\Altium_clap_example\clap_schematic.SchDoc with LED Orange from clap.SchLib
Replace Part LED2 LED Red in C:\Users\n10264248\REPOS\Altium_clap_example\clap_schematic.SchDoc with LED Red from clap.SchLib
Replace Part LED3 LED Green in C:\Users\n10264248\REPOS\Altium_clap_example\clap_schematic.SchDoc with LED Green from clap.SchLib
Replace Part MK1 MIC in C:\Users\n10264248\REPOS\Altium_clap_example\clap_schematic.SchDoc with MIC from clap.SchLib
Replace Part Q1 2N3904 in C:\Users\n10264248\REPOS\Altium_clap_example\clap_schematic.SchDoc with 2N3904 from clap.SchLib
Replace Part R1 56k in C:\Users\n10264248\REPOS\Altium_clap_example\clap_schematic.SchDoc with 56k from clap.SchLib
Replace Part R2 10k in C:\Users\n10264248\REPOS\Altium_clap_example\clap_schematic.SchDoc with 10k from clap.SchLib
Replace Part R3 1k in C:\Users\n10264248\REPOS\Altium_clap_example\clap_schematic.SchDoc with 1k from clap.SchLib
Replace Part R4 56k in C:\Users\n10264248\REPOS\Altium_clap_example\clap_schematic.SchDoc with 56k from clap.SchLib
Replace Part R5 100R in C:\Users\n10264248\REPOS\Altium_clap_example\clap_schematic.SchDoc with 100R from clap.SchLib
Replace Part R6 100R in C:\Users\n10264248\REPOS\Altium_clap_example\clap_schematic.SchDoc with 100R from clap.SchLib
Replace Part R7 100R in C:\Users\n10264248\REPOS\Altium_clap_example\clap_schematic.SchDoc with 100R from clap.SchLib
Replace Part R8 1k in C:\Users\n10264248\REPOS\Altium_clap_example\clap_schematic.SchDoc with 1k from clap.SchLib
Replace Part R9 20k POT in C:\Users\n10264248\REPOS\Altium_clap_example\clap_schematic.SchDoc with 20k POT from clap.SchLib
Replace Part R? 10k in C:\Users\n10264248\REPOS\Altium_clap_example\clap_schematic.SchDoc with 10k from clap.SchLib
Update Managed Component SW? From CMP-03407-000004-1[1825910-2] To CMP-03407-000004-1[1825910-2] in clap_schematic.SchDoc
Replace Part U1 LM301AN in C:\Users\n10264248\REPOS\Altium_clap_example\clap_schematic.SchDoc with LM301AN from clap.SchLib
Replace Part U2 LT1085 in C:\Users\n10264248\REPOS\Altium_clap_example\clap_schematic.SchDoc with LT1085 from clap.SchLib
Replace Part U3 ATtiny 85 in C:\Users\n10264248\REPOS\Altium_clap_example\clap_schematic.SchDoc with ATtiny 85 from clap.SchLib
